<?xml version="1.0" encoding="UTF-8"?>
<testng-results ignored="0" total="2" passed="2" failed="0" skipped="0">
  <reporter-output>
  </reporter-output>
  <suite started-at="2024-11-14T22:22:48 IST" name="All Test Suite" finished-at="2024-11-14T22:22:57 IST" duration-ms="9232">
    <groups>
    </groups>
    <test started-at="2024-11-14T22:22:48 IST" name="Report" finished-at="2024-11-14T22:22:57 IST" duration-ms="9232">
      <class name="day1.TC01">
        <test-method is-config="true" signature="setup()[pri:0, instance:day1.TC01@79efed2d]" started-at="2024-11-14T22:22:48 IST" name="setup" finished-at="2024-11-14T22:22:52 IST" duration-ms="3536" status="PASS">
          <reporter-output>
          </reporter-output>
        </test-method> <!-- setup -->
        <test-method signature="test()[pri:0, instance:day1.TC01@79efed2d]" started-at="2024-11-14T22:22:52 IST" name="test" finished-at="2024-11-14T22:22:55 IST" duration-ms="3187" status="PASS">
          <reporter-output>
          </reporter-output>
        </test-method> <!-- test -->
        <test-method is-config="true" signature="teardown()[pri:0, instance:day1.TC01@79efed2d]" started-at="2024-11-14T22:22:55 IST" name="teardown" finished-at="2024-11-14T22:22:57 IST" duration-ms="2400" status="PASS">
          <reporter-output>
          </reporter-output>
        </test-method> <!-- teardown -->
      </class> <!-- day1.TC01 -->
      <class name="day1.TC02">
        <test-method is-config="true" signature="setup()[pri:0, instance:day1.TC02@147ed70f]" started-at="2024-11-14T22:22:48 IST" name="setup" finished-at="2024-11-14T22:22:52 IST" duration-ms="3512" status="PASS">
          <reporter-output>
          </reporter-output>
        </test-method> <!-- setup -->
        <test-method signature="test()[pri:0, instance:day1.TC02@147ed70f]" started-at="2024-11-14T22:22:52 IST" name="test" finished-at="2024-11-14T22:22:53 IST" duration-ms="1649" status="PASS">
          <reporter-output>
          </reporter-output>
        </test-method> <!-- test -->
        <test-method is-config="true" signature="teardown()[pri:0, instance:day1.TC02@147ed70f]" started-at="2024-11-14T22:22:53 IST" name="teardown" finished-at="2024-11-14T22:22:56 IST" duration-ms="2363" status="PASS">
          <reporter-output>
          </reporter-output>
        </test-method> <!-- teardown -->
      </class> <!-- day1.TC02 -->
    </test> <!-- Report -->
  </suite> <!-- All Test Suite -->
</testng-results>
